This file contains any messages produced by compilers while
running configure, to aid debugging if configure makes a mistake.

It was created by yuma123 configure 2.13, which was
generated by GNU Autoconf 2.69.  Invocation command line was

  $ ./configure CFLAGS=-g -O0 CXXFLAGS=-g -O0 --prefix=/home/ratnesh1.tiwari/usrrkt

## --------- ##
## Platform. ##
## --------- ##

hostname = devhssdb1
uname -m = x86_64
uname -r = 3.10.0-957.1.3.el7.x86_64
uname -s = Linux
uname -v = #1 SMP Thu Nov 15 17:36:42 UTC 2018

/usr/bin/uname -p = x86_64
/bin/uname -X     = unknown

/bin/arch              = x86_64
/usr/bin/arch -k       = unknown
/usr/convex/getsysinfo = unknown
/usr/bin/hostinfo      = unknown
/bin/machine           = unknown
/usr/bin/oslevel       = unknown
/bin/universe          = unknown

PATH: /opt/rh/devtoolset-9/root/usr/bin
PATH: /usr/local/bin
PATH: /usr/bin
PATH: /usr/local/sbin
PATH: /usr/sbin
PATH: /home/ratnesh1.tiwari/arcanist/bin/
PATH: /home/ratnesh1.tiwari/.local/bin
PATH: /home/ratnesh1.tiwari/bin


## ----------- ##
## Core tests. ##
## ----------- ##

configure:2335: checking build system type
configure:2349: result: x86_64-unknown-linux-gnu
configure:2369: checking host system type
configure:2382: result: x86_64-unknown-linux-gnu
configure:2402: checking target system type
configure:2415: result: x86_64-unknown-linux-gnu
configure:2458: checking for a BSD-compatible install
configure:2526: result: /usr/bin/install -c
configure:2537: checking whether build environment is sane
configure:2592: result: yes
configure:2743: checking for a thread-safe mkdir -p
configure:2782: result: /usr/bin/mkdir -p
configure:2789: checking for gawk
configure:2805: found /usr/bin/gawk
configure:2816: result: gawk
configure:2827: checking whether make sets $(MAKE)
configure:2849: result: yes
configure:2878: checking whether make supports nested variables
configure:2895: result: yes
configure:3025: checking how to print strings
configure:3052: result: printf
configure:3085: checking for style of include used by make
configure:3113: result: GNU
configure:3184: checking for gcc
configure:3200: found /opt/rh/devtoolset-9/root/usr/bin/gcc
configure:3211: result: gcc
configure:3440: checking for C compiler version
configure:3449: gcc --version >&5
gcc (GCC) 9.3.1 20200408 (Red Hat 9.3.1-2)
Copyright (C) 2019 Free Software Foundation, Inc.
This is free software; see the source for copying conditions.  There is NO
warranty; not even for MERCHANTABILITY or FITNESS FOR A PARTICULAR PURPOSE.

configure:3460: $? = 0
configure:3449: gcc -v >&5
Using built-in specs.
COLLECT_GCC=gcc
COLLECT_LTO_WRAPPER=/opt/rh/devtoolset-9/root/usr/libexec/gcc/x86_64-redhat-linux/9/lto-wrapper
Target: x86_64-redhat-linux
Configured with: ../configure --enable-bootstrap --enable-languages=c,c++,fortran,lto --prefix=/opt/rh/devtoolset-9/root/usr --mandir=/opt/rh/devtoolset-9/root/usr/share/man --infodir=/opt/rh/devtoolset-9/root/usr/share/info --with-bugurl=http://bugzilla.redhat.com/bugzilla --enable-shared --enable-threads=posix --enable-checking=release --enable-multilib --with-system-zlib --enable-__cxa_atexit --disable-libunwind-exceptions --enable-gnu-unique-object --enable-linker-build-id --with-gcc-major-version-only --with-linker-hash-style=gnu --with-default-libstdcxx-abi=gcc4-compatible --enable-plugin --enable-initfini-array --with-isl=/builddir/build/BUILD/gcc-9.3.1-20200408/obj-x86_64-redhat-linux/isl-install --disable-libmpx --enable-gnu-indirect-function --with-tune=generic --with-arch_32=x86-64 --build=x86_64-redhat-linux
Thread model: posix
gcc version 9.3.1 20200408 (Red Hat 9.3.1-2) (GCC) 
configure:3460: $? = 0
configure:3449: gcc -V >&5
gcc: error: unrecognized command line option '-V'
gcc: fatal error: no input files
compilation terminated.
configure:3460: $? = 1
configure:3449: gcc -qversion >&5
gcc: error: unrecognized command line option '-qversion'; did you mean '--version'?
gcc: fatal error: no input files
compilation terminated.
configure:3460: $? = 1
configure:3480: checking whether the C compiler works
configure:3502: gcc -g -O0   conftest.c  >&5
configure:3506: $? = 0
configure:3554: result: yes
configure:3557: checking for C compiler default output file name
configure:3559: result: a.out
configure:3565: checking for suffix of executables
configure:3572: gcc -o conftest -g -O0   conftest.c  >&5
configure:3576: $? = 0
configure:3598: result: 
configure:3620: checking whether we are cross compiling
configure:3628: gcc -o conftest -g -O0   conftest.c  >&5
configure:3632: $? = 0
configure:3639: ./conftest
configure:3643: $? = 0
configure:3658: result: no
configure:3663: checking for suffix of object files
configure:3685: gcc -c -g -O0  conftest.c >&5
configure:3689: $? = 0
configure:3710: result: o
configure:3714: checking whether we are using the GNU C compiler
configure:3733: gcc -c -g -O0  conftest.c >&5
configure:3733: $? = 0
configure:3742: result: yes
configure:3751: checking whether gcc accepts -g
configure:3771: gcc -c -g  conftest.c >&5
configure:3771: $? = 0
configure:3812: result: yes
configure:3829: checking for gcc option to accept ISO C89
configure:3892: gcc  -c -g -O0  conftest.c >&5
configure:3892: $? = 0
configure:3905: result: none needed
configure:3927: checking dependency style of gcc
configure:4038: result: gcc3
configure:4053: checking for a sed that does not truncate output
configure:4117: result: /usr/bin/sed
configure:4135: checking for grep that handles long lines and -e
configure:4193: result: /usr/bin/grep
configure:4198: checking for egrep
configure:4260: result: /usr/bin/grep -E
configure:4265: checking for fgrep
configure:4327: result: /usr/bin/grep -F
configure:4362: checking for ld used by gcc
configure:4429: result: /opt/rh/devtoolset-9/root/usr/libexec/gcc/x86_64-redhat-linux/9/ld
configure:4436: checking if the linker (/opt/rh/devtoolset-9/root/usr/libexec/gcc/x86_64-redhat-linux/9/ld) is GNU ld
configure:4451: result: yes
configure:4463: checking for BSD- or MS-compatible name lister (nm)
configure:4512: result: /opt/rh/devtoolset-9/root/usr/bin/nm -B
configure:4642: checking the name lister (/opt/rh/devtoolset-9/root/usr/bin/nm -B) interface
configure:4649: gcc -c -g -O0  conftest.c >&5
configure:4652: /opt/rh/devtoolset-9/root/usr/bin/nm -B "conftest.o"
configure:4655: output
0000000000000000 B some_variable
configure:4662: result: BSD nm
configure:4665: checking whether ln -s works
configure:4669: result: yes
configure:4677: checking the maximum length of command line arguments
configure:4807: result: 1572864
configure:4824: checking whether the shell understands some XSI constructs
configure:4834: result: yes
configure:4838: checking whether the shell understands "+="
configure:4844: result: yes
configure:4879: checking how to convert x86_64-unknown-linux-gnu file names to x86_64-unknown-linux-gnu format
configure:4919: result: func_convert_file_noop
configure:4926: checking how to convert x86_64-unknown-linux-gnu file names to toolchain format
configure:4946: result: func_convert_file_noop
configure:4953: checking for /opt/rh/devtoolset-9/root/usr/libexec/gcc/x86_64-redhat-linux/9/ld option to reload object files
configure:4960: result: -r
configure:5034: checking for objdump
configure:5050: found /opt/rh/devtoolset-9/root/usr/bin/objdump
configure:5061: result: objdump
configure:5093: checking how to recognize dependent libraries
configure:5295: result: pass_all
configure:5380: checking for dlltool
configure:5410: result: no
configure:5440: checking how to associate runtime and link libraries
configure:5467: result: printf %s\n
configure:5528: checking for ar
configure:5544: found /opt/rh/devtoolset-9/root/usr/bin/ar
configure:5555: result: ar
configure:5592: checking for archiver @FILE support
configure:5609: gcc -c -g -O0  conftest.c >&5
configure:5609: $? = 0
configure:5612: ar cru libconftest.a @conftest.lst >&5
configure:5615: $? = 0
configure:5620: ar cru libconftest.a @conftest.lst >&5
ar: conftest.o: No such file or directory
configure:5623: $? = 1
configure:5635: result: @
configure:5693: checking for strip
configure:5709: found /opt/rh/devtoolset-9/root/usr/bin/strip
configure:5720: result: strip
configure:5792: checking for ranlib
configure:5808: found /opt/rh/devtoolset-9/root/usr/bin/ranlib
configure:5819: result: ranlib
configure:5921: checking command to parse /opt/rh/devtoolset-9/root/usr/bin/nm -B output from gcc object
configure:6041: gcc -c -g -O0  conftest.c >&5
configure:6044: $? = 0
configure:6048: /opt/rh/devtoolset-9/root/usr/bin/nm -B conftest.o \| sed -n -e 's/^.*[ ]\([ABCDGIRSTW][ABCDGIRSTW]*\)[ ][ ]*\([_A-Za-z][_A-Za-z0-9]*\)$/\1 \2 \2/p' | sed '/ __gnu_lto/d' \> conftest.nm
configure:6051: $? = 0
configure:6117: gcc -o conftest -g -O0   conftest.c conftstm.o >&5
configure:6120: $? = 0
configure:6158: result: ok
configure:6195: checking for sysroot
configure:6225: result: no
configure:6302: gcc -c -g -O0  conftest.c >&5
configure:6305: $? = 0
configure:6481: checking for mt
configure:6511: result: no
configure:6531: checking if : is a manifest tool
configure:6537: : '-?'
configure:6545: result: no
configure:7187: checking how to run the C preprocessor
configure:7218: gcc -E  conftest.c
configure:7218: $? = 0
configure:7232: gcc -E  conftest.c
conftest.c:11:10: fatal error: ac_nonexistent.h: No such file or directory
   11 | #include <ac_nonexistent.h>
      |          ^~~~~~~~~~~~~~~~~~
compilation terminated.
configure:7232: $? = 1
configure: failed program was:
| /* confdefs.h */
| #define PACKAGE_NAME "yuma123"
| #define PACKAGE_TARNAME "yuma123"
| #define PACKAGE_VERSION "2.13"
| #define PACKAGE_STRING "yuma123 2.13"
| #define PACKAGE_BUGREPORT "vladimir@lightside-instruments.com"
| #define PACKAGE_URL ""
| #define PACKAGE "yuma123"
| #define VERSION "2.13"
| /* end confdefs.h.  */
| #include <ac_nonexistent.h>
configure:7257: result: gcc -E
configure:7277: gcc -E  conftest.c
configure:7277: $? = 0
configure:7291: gcc -E  conftest.c
conftest.c:11:10: fatal error: ac_nonexistent.h: No such file or directory
   11 | #include <ac_nonexistent.h>
      |          ^~~~~~~~~~~~~~~~~~
compilation terminated.
configure:7291: $? = 1
configure: failed program was:
| /* confdefs.h */
| #define PACKAGE_NAME "yuma123"
| #define PACKAGE_TARNAME "yuma123"
| #define PACKAGE_VERSION "2.13"
| #define PACKAGE_STRING "yuma123 2.13"
| #define PACKAGE_BUGREPORT "vladimir@lightside-instruments.com"
| #define PACKAGE_URL ""
| #define PACKAGE "yuma123"
| #define VERSION "2.13"
| /* end confdefs.h.  */
| #include <ac_nonexistent.h>
configure:7320: checking for ANSI C header files
configure:7340: gcc -c -g -O0  conftest.c >&5
configure:7340: $? = 0
configure:7413: gcc -o conftest -g -O0   conftest.c  >&5
configure:7413: $? = 0
configure:7413: ./conftest
configure:7413: $? = 0
configure:7424: result: yes
configure:7437: checking for sys/types.h
configure:7437: gcc -c -g -O0  conftest.c >&5
configure:7437: $? = 0
configure:7437: result: yes
configure:7437: checking for sys/stat.h
configure:7437: gcc -c -g -O0  conftest.c >&5
configure:7437: $? = 0
configure:7437: result: yes
configure:7437: checking for stdlib.h
configure:7437: gcc -c -g -O0  conftest.c >&5
configure:7437: $? = 0
configure:7437: result: yes
configure:7437: checking for string.h
configure:7437: gcc -c -g -O0  conftest.c >&5
configure:7437: $? = 0
configure:7437: result: yes
configure:7437: checking for memory.h
configure:7437: gcc -c -g -O0  conftest.c >&5
configure:7437: $? = 0
configure:7437: result: yes
configure:7437: checking for strings.h
configure:7437: gcc -c -g -O0  conftest.c >&5
configure:7437: $? = 0
configure:7437: result: yes
configure:7437: checking for inttypes.h
configure:7437: gcc -c -g -O0  conftest.c >&5
configure:7437: $? = 0
configure:7437: result: yes
configure:7437: checking for stdint.h
configure:7437: gcc -c -g -O0  conftest.c >&5
configure:7437: $? = 0
configure:7437: result: yes
configure:7437: checking for unistd.h
configure:7437: gcc -c -g -O0  conftest.c >&5
configure:7437: $? = 0
configure:7437: result: yes
configure:7451: checking for dlfcn.h
configure:7451: gcc -c -g -O0  conftest.c >&5
configure:7451: $? = 0
configure:7451: result: yes
configure:7656: checking for objdir
configure:7671: result: .libs
configure:7938: checking if gcc supports -fno-rtti -fno-exceptions
configure:7956: gcc -c -g -O0  -fno-rtti -fno-exceptions conftest.c >&5
cc1: warning: command line option '-fno-rtti' is valid for C++/D/ObjC++ but not for C
configure:7960: $? = 0
configure:7973: result: no
configure:8300: checking for gcc option to produce PIC
configure:8307: result: -fPIC -DPIC
configure:8315: checking if gcc PIC flag -fPIC -DPIC works
configure:8333: gcc -c -g -O0  -fPIC -DPIC -DPIC conftest.c >&5
configure:8337: $? = 0
configure:8350: result: yes
configure:8379: checking if gcc static flag -static works
configure:8407: result: no
configure:8422: checking if gcc supports -c -o file.o
configure:8443: gcc -c -g -O0  -o out/conftest2.o conftest.c >&5
configure:8447: $? = 0
configure:8469: result: yes
configure:8477: checking if gcc supports -c -o file.o
configure:8524: result: yes
configure:8557: checking whether the gcc linker (/opt/rh/devtoolset-9/root/usr/libexec/gcc/x86_64-redhat-linux/9/ld -m elf_x86_64) supports shared libraries
configure:9710: result: yes
configure:9747: checking whether -lc should be explicitly linked in
configure:9755: gcc -c -g -O0  conftest.c >&5
configure:9758: $? = 0
configure:9773: gcc -shared  -fPIC -DPIC conftest.o  -v -Wl,-soname -Wl,conftest -o conftest 2\>\&1 \| /usr/bin/grep  -lc  \>/dev/null 2\>\&1
configure:9776: $? = 0
configure:9790: result: no
configure:9950: checking dynamic linker characteristics
configure:10461: gcc -o conftest -g -O0   -Wl,-rpath -Wl,/foo conftest.c  >&5
configure:10461: $? = 0
configure:10687: result: GNU/Linux ld.so
configure:10794: checking how to hardcode library paths into programs
configure:10819: result: immediate
configure:11359: checking whether stripping libraries is possible
configure:11364: result: yes
configure:11399: checking if libtool supports shared libraries
configure:11401: result: yes
configure:11404: checking whether to build shared libraries
configure:11425: result: yes
configure:11428: checking whether to build static libraries
configure:11432: result: no
configure:11518: checking for gcc
configure:11545: result: gcc
configure:11774: checking for C compiler version
configure:11783: gcc --version >&5
gcc (GCC) 9.3.1 20200408 (Red Hat 9.3.1-2)
Copyright (C) 2019 Free Software Foundation, Inc.
This is free software; see the source for copying conditions.  There is NO
warranty; not even for MERCHANTABILITY or FITNESS FOR A PARTICULAR PURPOSE.

configure:11794: $? = 0
configure:11783: gcc -v >&5
Using built-in specs.
COLLECT_GCC=gcc
COLLECT_LTO_WRAPPER=/opt/rh/devtoolset-9/root/usr/libexec/gcc/x86_64-redhat-linux/9/lto-wrapper
Target: x86_64-redhat-linux
Configured with: ../configure --enable-bootstrap --enable-languages=c,c++,fortran,lto --prefix=/opt/rh/devtoolset-9/root/usr --mandir=/opt/rh/devtoolset-9/root/usr/share/man --infodir=/opt/rh/devtoolset-9/root/usr/share/info --with-bugurl=http://bugzilla.redhat.com/bugzilla --enable-shared --enable-threads=posix --enable-checking=release --enable-multilib --with-system-zlib --enable-__cxa_atexit --disable-libunwind-exceptions --enable-gnu-unique-object --enable-linker-build-id --with-gcc-major-version-only --with-linker-hash-style=gnu --with-default-libstdcxx-abi=gcc4-compatible --enable-plugin --enable-initfini-array --with-isl=/builddir/build/BUILD/gcc-9.3.1-20200408/obj-x86_64-redhat-linux/isl-install --disable-libmpx --enable-gnu-indirect-function --with-tune=generic --with-arch_32=x86-64 --build=x86_64-redhat-linux
Thread model: posix
gcc version 9.3.1 20200408 (Red Hat 9.3.1-2) (GCC) 
configure:11794: $? = 0
configure:11783: gcc -V >&5
gcc: error: unrecognized command line option '-V'
gcc: fatal error: no input files
compilation terminated.
configure:11794: $? = 1
configure:11783: gcc -qversion >&5
gcc: error: unrecognized command line option '-qversion'; did you mean '--version'?
gcc: fatal error: no input files
compilation terminated.
configure:11794: $? = 1
configure:11798: checking whether we are using the GNU C compiler
configure:11826: result: yes
configure:11835: checking whether gcc accepts -g
configure:11896: result: yes
configure:11913: checking for gcc option to accept ISO C89
configure:11989: result: none needed
configure:12011: checking dependency style of gcc
configure:12122: result: gcc3
configure:12195: checking for g++
configure:12211: found /opt/rh/devtoolset-9/root/usr/bin/g++
configure:12222: result: g++
configure:12249: checking for C++ compiler version
configure:12258: g++ --version >&5
g++ (GCC) 9.3.1 20200408 (Red Hat 9.3.1-2)
Copyright (C) 2019 Free Software Foundation, Inc.
This is free software; see the source for copying conditions.  There is NO
warranty; not even for MERCHANTABILITY or FITNESS FOR A PARTICULAR PURPOSE.

configure:12269: $? = 0
configure:12258: g++ -v >&5
Using built-in specs.
COLLECT_GCC=g++
COLLECT_LTO_WRAPPER=/opt/rh/devtoolset-9/root/usr/libexec/gcc/x86_64-redhat-linux/9/lto-wrapper
Target: x86_64-redhat-linux
Configured with: ../configure --enable-bootstrap --enable-languages=c,c++,fortran,lto --prefix=/opt/rh/devtoolset-9/root/usr --mandir=/opt/rh/devtoolset-9/root/usr/share/man --infodir=/opt/rh/devtoolset-9/root/usr/share/info --with-bugurl=http://bugzilla.redhat.com/bugzilla --enable-shared --enable-threads=posix --enable-checking=release --enable-multilib --with-system-zlib --enable-__cxa_atexit --disable-libunwind-exceptions --enable-gnu-unique-object --enable-linker-build-id --with-gcc-major-version-only --with-linker-hash-style=gnu --with-default-libstdcxx-abi=gcc4-compatible --enable-plugin --enable-initfini-array --with-isl=/builddir/build/BUILD/gcc-9.3.1-20200408/obj-x86_64-redhat-linux/isl-install --disable-libmpx --enable-gnu-indirect-function --with-tune=generic --with-arch_32=x86-64 --build=x86_64-redhat-linux
Thread model: posix
gcc version 9.3.1 20200408 (Red Hat 9.3.1-2) (GCC) 
configure:12269: $? = 0
configure:12258: g++ -V >&5
g++: error: unrecognized command line option '-V'
g++: fatal error: no input files
compilation terminated.
configure:12269: $? = 1
configure:12258: g++ -qversion >&5
g++: error: unrecognized command line option '-qversion'; did you mean '--version'?
g++: fatal error: no input files
compilation terminated.
configure:12269: $? = 1
configure:12273: checking whether we are using the GNU C++ compiler
configure:12292: g++ -c -g -O0  conftest.cpp >&5
configure:12292: $? = 0
configure:12301: result: yes
configure:12310: checking whether g++ accepts -g
configure:12330: g++ -c -g  conftest.cpp >&5
configure:12330: $? = 0
configure:12371: result: yes
configure:12396: checking dependency style of g++
configure:12507: result: gcc3
configure:12540: checking how to run the C++ preprocessor
configure:12567: g++ -E  conftest.cpp
configure:12567: $? = 0
configure:12581: g++ -E  conftest.cpp
conftest.cpp:23:10: fatal error: ac_nonexistent.h: No such file or directory
   23 | #include <ac_nonexistent.h>
      |          ^~~~~~~~~~~~~~~~~~
compilation terminated.
configure:12581: $? = 1
configure: failed program was:
| /* confdefs.h */
| #define PACKAGE_NAME "yuma123"
| #define PACKAGE_TARNAME "yuma123"
| #define PACKAGE_VERSION "2.13"
| #define PACKAGE_STRING "yuma123 2.13"
| #define PACKAGE_BUGREPORT "vladimir@lightside-instruments.com"
| #define PACKAGE_URL ""
| #define PACKAGE "yuma123"
| #define VERSION "2.13"
| #define STDC_HEADERS 1
| #define HAVE_SYS_TYPES_H 1
| #define HAVE_SYS_STAT_H 1
| #define HAVE_STDLIB_H 1
| #define HAVE_STRING_H 1
| #define HAVE_MEMORY_H 1
| #define HAVE_STRINGS_H 1
| #define HAVE_INTTYPES_H 1
| #define HAVE_STDINT_H 1
| #define HAVE_UNISTD_H 1
| #define HAVE_DLFCN_H 1
| #define LT_OBJDIR ".libs/"
| /* end confdefs.h.  */
| #include <ac_nonexistent.h>
configure:12606: result: g++ -E
configure:12626: g++ -E  conftest.cpp
configure:12626: $? = 0
configure:12640: g++ -E  conftest.cpp
conftest.cpp:23:10: fatal error: ac_nonexistent.h: No such file or directory
   23 | #include <ac_nonexistent.h>
      |          ^~~~~~~~~~~~~~~~~~
compilation terminated.
configure:12640: $? = 1
configure: failed program was:
| /* confdefs.h */
| #define PACKAGE_NAME "yuma123"
| #define PACKAGE_TARNAME "yuma123"
| #define PACKAGE_VERSION "2.13"
| #define PACKAGE_STRING "yuma123 2.13"
| #define PACKAGE_BUGREPORT "vladimir@lightside-instruments.com"
| #define PACKAGE_URL ""
| #define PACKAGE "yuma123"
| #define VERSION "2.13"
| #define STDC_HEADERS 1
| #define HAVE_SYS_TYPES_H 1
| #define HAVE_SYS_STAT_H 1
| #define HAVE_STDLIB_H 1
| #define HAVE_STRING_H 1
| #define HAVE_MEMORY_H 1
| #define HAVE_STRINGS_H 1
| #define HAVE_INTTYPES_H 1
| #define HAVE_STDINT_H 1
| #define HAVE_UNISTD_H 1
| #define HAVE_DLFCN_H 1
| #define LT_OBJDIR ".libs/"
| /* end confdefs.h.  */
| #include <ac_nonexistent.h>
configure:12809: checking for ld used by g++
configure:12876: result: /opt/rh/devtoolset-9/root/usr/libexec/gcc/x86_64-redhat-linux/9/ld -m elf_x86_64
configure:12883: checking if the linker (/opt/rh/devtoolset-9/root/usr/libexec/gcc/x86_64-redhat-linux/9/ld -m elf_x86_64) is GNU ld
configure:12898: result: yes
configure:12953: checking whether the g++ linker (/opt/rh/devtoolset-9/root/usr/libexec/gcc/x86_64-redhat-linux/9/ld -m elf_x86_64) supports shared libraries
configure:13958: result: yes
configure:13994: g++ -c -g -O0  conftest.cpp >&5
configure:13997: $? = 0
configure:14517: checking for g++ option to produce PIC
configure:14524: result: -fPIC -DPIC
configure:14532: checking if g++ PIC flag -fPIC -DPIC works
configure:14550: g++ -c -g -O0  -fPIC -DPIC -DPIC conftest.cpp >&5
configure:14554: $? = 0
configure:14567: result: yes
configure:14590: checking if g++ static flag -static works
configure:14618: result: no
configure:14630: checking if g++ supports -c -o file.o
configure:14651: g++ -c -g -O0  -o out/conftest2.o conftest.cpp >&5
configure:14655: $? = 0
configure:14677: result: yes
configure:14682: checking if g++ supports -c -o file.o
configure:14729: result: yes
configure:14759: checking whether the g++ linker (/opt/rh/devtoolset-9/root/usr/libexec/gcc/x86_64-redhat-linux/9/ld -m elf_x86_64) supports shared libraries
configure:14795: result: yes
configure:14936: checking dynamic linker characteristics
configure:15607: result: GNU/Linux ld.so
configure:15660: checking how to hardcode library paths into programs
configure:15685: result: immediate
configure:15734: checking dependency style of gcc
configure:15843: result: gcc3
configure:15859: checking for library containing dlopen
configure:15890: gcc -o conftest -g -O0   conftest.c  >&5
/opt/rh/devtoolset-9/root/usr/libexec/gcc/x86_64-redhat-linux/9/ld: /tmp/ccDnIofE.o: in function `main':
/home/ratnesh1.tiwari/JioConfServer/deps/yuma123/conftest.c:34: undefined reference to `dlopen'
collect2: error: ld returned 1 exit status
configure:15890: $? = 1
configure: failed program was:
| /* confdefs.h */
| #define PACKAGE_NAME "yuma123"
| #define PACKAGE_TARNAME "yuma123"
| #define PACKAGE_VERSION "2.13"
| #define PACKAGE_STRING "yuma123 2.13"
| #define PACKAGE_BUGREPORT "vladimir@lightside-instruments.com"
| #define PACKAGE_URL ""
| #define PACKAGE "yuma123"
| #define VERSION "2.13"
| #define STDC_HEADERS 1
| #define HAVE_SYS_TYPES_H 1
| #define HAVE_SYS_STAT_H 1
| #define HAVE_STDLIB_H 1
| #define HAVE_STRING_H 1
| #define HAVE_MEMORY_H 1
| #define HAVE_STRINGS_H 1
| #define HAVE_INTTYPES_H 1
| #define HAVE_STDINT_H 1
| #define HAVE_UNISTD_H 1
| #define HAVE_DLFCN_H 1
| #define LT_OBJDIR ".libs/"
| /* end confdefs.h.  */
| 
| /* Override any GCC internal prototype to avoid an error.
|    Use char because int might match the return type of a GCC
|    builtin and then its argument prototype would still apply.  */
| #ifdef __cplusplus
| extern "C"
| #endif
| char dlopen ();
| int
| main ()
| {
| return dlopen ();
|   ;
|   return 0;
| }
configure:15890: gcc -o conftest -g -O0   conftest.c -ldl   >&5
configure:15890: $? = 0
configure:15907: result: -ldl
configure:16057: checking for xml2-config
configure:16075: found /usr/bin/xml2-config
configure:16088: result: /usr/bin/xml2-config
configure:16097: checking for libxml - version >= 2.0.0
configure:16199: gcc -o conftest -g -O0 -g -fPIC -DDEBUG=1 -DLINUX=1 -DGCC=1 -DRELEASE=0 -DENABLE_DIRECT_MUST_AUGMENT_EX=1 -DHAS_FLOAT=1  -I/usr/include/libxml2  conftest.c -lxml2 -lz -llzma -lm -ldl -ldl  >&5
configure:16199: $? = 0
configure:16199: ./conftest
configure:16199: $? = 0
configure:16214: result: yes (version 2.9.10)
configure:16435: checking that generated files are newer than configure
configure:16441: result: done
configure:16488: creating ./config.status

## ---------------------- ##
## Running config.status. ##
## ---------------------- ##

This file was extended by yuma123 config.status 2.13, which was
generated by GNU Autoconf 2.69.  Invocation command line was

  CONFIG_FILES    = 
  CONFIG_HEADERS  = 
  CONFIG_LINKS    = 
  CONFIG_COMMANDS = 
  $ ./config.status 

on devhssdb1

config.status:1121: creating Makefile
config.status:1121: creating libtecla/Makefile
config.status:1121: creating netconf/src/netconfd/Makefile
config.status:1121: creating netconf/src/agt/Makefile
config.status:1121: creating netconf/modules/Makefile
config.status:1121: creating netconf/src/mgr/Makefile
config.status:1121: creating netconf/src/ncx/Makefile
config.status:1121: creating netconf/src/yangcli/Makefile
config.status:1121: creating netconf/src/subsys/Makefile
config.status:1121: creating libtoaster/src/Makefile
config.status:1121: creating example-modules/helloworld/Makefile
config.status:1121: creating example-modules/ietf-interfaces/Makefile
config.status:1121: creating example-modules/ietf-system/Makefile
config.status:1121: creating example-modules/ietf-network-bridge/Makefile
config.status:1121: creating example-modules/yangcli-to-rpc/Makefile
config.status:1121: creating netconf/src/yangrpc/Makefile
config.status:1121: creating netconf/src/yangrpc/example/Makefile
config.status:1121: creating netconf/src/yangdump/Makefile
config.status:1121: creating netconf/man/Makefile
config.status:1121: creating rpm/yuma123.spec
config.status:1293: executing depfiles commands
config.status:1293: executing libtool commands

## ---------------- ##
## Cache variables. ##
## ---------------- ##

ac_cv_build=x86_64-unknown-linux-gnu
ac_cv_c_compiler_gnu=yes
ac_cv_cxx_compiler_gnu=yes
ac_cv_env_CCASFLAGS_set=
ac_cv_env_CCASFLAGS_value=
ac_cv_env_CCAS_set=
ac_cv_env_CCAS_value=
ac_cv_env_CCC_set=
ac_cv_env_CCC_value=
ac_cv_env_CC_set=
ac_cv_env_CC_value=
ac_cv_env_CFLAGS_set=set
ac_cv_env_CFLAGS_value='-g -O0'
ac_cv_env_CPPFLAGS_set=
ac_cv_env_CPPFLAGS_value=
ac_cv_env_CPP_set=
ac_cv_env_CPP_value=
ac_cv_env_CXXCPP_set=
ac_cv_env_CXXCPP_value=
ac_cv_env_CXXFLAGS_set=set
ac_cv_env_CXXFLAGS_value='-g -O0'
ac_cv_env_CXX_set=
ac_cv_env_CXX_value=
ac_cv_env_LDFLAGS_set=
ac_cv_env_LDFLAGS_value=
ac_cv_env_LIBS_set=
ac_cv_env_LIBS_value=
ac_cv_env_build_alias_set=
ac_cv_env_build_alias_value=
ac_cv_env_host_alias_set=
ac_cv_env_host_alias_value=
ac_cv_env_target_alias_set=
ac_cv_env_target_alias_value=
ac_cv_header_dlfcn_h=yes
ac_cv_header_inttypes_h=yes
ac_cv_header_memory_h=yes
ac_cv_header_stdc=yes
ac_cv_header_stdint_h=yes
ac_cv_header_stdlib_h=yes
ac_cv_header_string_h=yes
ac_cv_header_strings_h=yes
ac_cv_header_sys_stat_h=yes
ac_cv_header_sys_types_h=yes
ac_cv_header_unistd_h=yes
ac_cv_host=x86_64-unknown-linux-gnu
ac_cv_objext=o
ac_cv_path_EGREP='/usr/bin/grep -E'
ac_cv_path_FGREP='/usr/bin/grep -F'
ac_cv_path_GREP=/usr/bin/grep
ac_cv_path_SED=/usr/bin/sed
ac_cv_path_XML2_CONFIG=/usr/bin/xml2-config
ac_cv_path_install='/usr/bin/install -c'
ac_cv_path_mkdir=/usr/bin/mkdir
ac_cv_prog_AWK=gawk
ac_cv_prog_CPP='gcc -E'
ac_cv_prog_CXXCPP='g++ -E'
ac_cv_prog_ac_ct_AR=ar
ac_cv_prog_ac_ct_CC=gcc
ac_cv_prog_ac_ct_CXX=g++
ac_cv_prog_ac_ct_OBJDUMP=objdump
ac_cv_prog_ac_ct_RANLIB=ranlib
ac_cv_prog_ac_ct_STRIP=strip
ac_cv_prog_cc_c89=
ac_cv_prog_cc_g=yes
ac_cv_prog_cxx_g=yes
ac_cv_prog_make_make_set=yes
ac_cv_search_dlopen=-ldl
ac_cv_target=x86_64-unknown-linux-gnu
am_cv_CCAS_dependencies_compiler_type=gcc3
am_cv_CC_dependencies_compiler_type=gcc3
am_cv_CXX_dependencies_compiler_type=gcc3
am_cv_make_support_nested_variables=yes
lt_cv_ar_at_file=@
lt_cv_archive_cmds_need_lc=no
lt_cv_deplibs_check_method=pass_all
lt_cv_file_magic_cmd='$MAGIC_CMD'
lt_cv_file_magic_test_file=
lt_cv_ld_reload_flag=-r
lt_cv_nm_interface='BSD nm'
lt_cv_objdir=.libs
lt_cv_path_LD=/opt/rh/devtoolset-9/root/usr/libexec/gcc/x86_64-redhat-linux/9/ld
lt_cv_path_LDCXX='/opt/rh/devtoolset-9/root/usr/libexec/gcc/x86_64-redhat-linux/9/ld -m elf_x86_64'
lt_cv_path_NM='/opt/rh/devtoolset-9/root/usr/bin/nm -B'
lt_cv_path_mainfest_tool=no
lt_cv_prog_compiler_c_o=yes
lt_cv_prog_compiler_c_o_CXX=yes
lt_cv_prog_compiler_pic='-fPIC -DPIC'
lt_cv_prog_compiler_pic_CXX='-fPIC -DPIC'
lt_cv_prog_compiler_pic_works=yes
lt_cv_prog_compiler_pic_works_CXX=yes
lt_cv_prog_compiler_rtti_exceptions=no
lt_cv_prog_compiler_static_works=no
lt_cv_prog_compiler_static_works_CXX=no
lt_cv_prog_gnu_ld=yes
lt_cv_prog_gnu_ldcxx=yes
lt_cv_sharedlib_from_linklib_cmd='printf %s\n'
lt_cv_shlibpath_overrides_runpath=no
lt_cv_sys_global_symbol_pipe='sed -n -e '\''s/^.*[	 ]\([ABCDGIRSTW][ABCDGIRSTW]*\)[	 ][	 ]*\([_A-Za-z][_A-Za-z0-9]*\)$/\1 \2 \2/p'\'' | sed '\''/ __gnu_lto/d'\'''
lt_cv_sys_global_symbol_to_c_name_address='sed -n -e '\''s/^: \([^ ]*\)[ ]*$/  {\"\1\", (void *) 0},/p'\'' -e '\''s/^[ABCDGIRSTW]* \([^ ]*\) \([^ ]*\)$/  {"\2", (void *) \&\2},/p'\'''
lt_cv_sys_global_symbol_to_c_name_address_lib_prefix='sed -n -e '\''s/^: \([^ ]*\)[ ]*$/  {\"\1\", (void *) 0},/p'\'' -e '\''s/^[ABCDGIRSTW]* \([^ ]*\) \(lib[^ ]*\)$/  {"\2", (void *) \&\2},/p'\'' -e '\''s/^[ABCDGIRSTW]* \([^ ]*\) \([^ ]*\)$/  {"lib\2", (void *) \&\2},/p'\'''
lt_cv_sys_global_symbol_to_cdecl='sed -n -e '\''s/^T .* \(.*\)$/extern int \1();/p'\'' -e '\''s/^[ABCDGIRSTW]* .* \(.*\)$/extern char \1;/p'\'''
lt_cv_sys_max_cmd_len=1572864
lt_cv_to_host_file_cmd=func_convert_file_noop
lt_cv_to_tool_file_cmd=func_convert_file_noop

## ----------------- ##
## Output variables. ##
## ----------------- ##

ACLOCAL='${SHELL} /home/ratnesh1.tiwari/JioConfServer/deps/yuma123/missing aclocal-1.13'
AMDEPBACKSLASH='\'
AMDEP_FALSE='#'
AMDEP_TRUE=''
AMTAR='$${TAR-tar}'
AM_BACKSLASH='\'
AM_DEFAULT_V='$(AM_DEFAULT_VERBOSITY)'
AM_DEFAULT_VERBOSITY='1'
AM_V='$(V)'
AR='ar'
AUTOCONF='${SHELL} /home/ratnesh1.tiwari/JioConfServer/deps/yuma123/missing autoconf'
AUTOHEADER='${SHELL} /home/ratnesh1.tiwari/JioConfServer/deps/yuma123/missing autoheader'
AUTOMAKE='${SHELL} /home/ratnesh1.tiwari/JioConfServer/deps/yuma123/missing automake-1.13'
AWK='gawk'
CC='gcc'
CCAS='gcc'
CCASDEPMODE='depmode=gcc3'
CCASFLAGS='-g -O0'
CCDEPMODE='depmode=gcc3'
CFLAGS='-g -O0 -g -fPIC -DDEBUG=1 -DLINUX=1 -DGCC=1 -DRELEASE=0 -DENABLE_DIRECT_MUST_AUGMENT_EX=1 -DHAS_FLOAT=1'
CPP='gcc -E'
CPPFLAGS=''
CXX='g++'
CXXCPP='g++ -E'
CXXDEPMODE='depmode=gcc3'
CXXFLAGS='-g -O0'
CYGPATH_W='echo'
DEFS='-DPACKAGE_NAME=\"yuma123\" -DPACKAGE_TARNAME=\"yuma123\" -DPACKAGE_VERSION=\"2.13\" -DPACKAGE_STRING=\"yuma123\ 2.13\" -DPACKAGE_BUGREPORT=\"vladimir@lightside-instruments.com\" -DPACKAGE_URL=\"\" -DPACKAGE=\"yuma123\" -DVERSION=\"2.13\" -DSTDC_HEADERS=1 -DHAVE_SYS_TYPES_H=1 -DHAVE_SYS_STAT_H=1 -DHAVE_STDLIB_H=1 -DHAVE_STRING_H=1 -DHAVE_MEMORY_H=1 -DHAVE_STRINGS_H=1 -DHAVE_INTTYPES_H=1 -DHAVE_STDINT_H=1 -DHAVE_UNISTD_H=1 -DHAVE_DLFCN_H=1 -DLT_OBJDIR=\".libs/\"'
DEPDIR='.deps'
DLLTOOL='false'
DSYMUTIL=''
DUMPBIN=''
ECHO_C=''
ECHO_N='-n'
ECHO_T=''
EGREP='/usr/bin/grep -E'
EXEEXT=''
FGREP='/usr/bin/grep -F'
GREP='/usr/bin/grep'
INSTALL_DATA='${INSTALL} -m 644'
INSTALL_PROGRAM='${INSTALL}'
INSTALL_SCRIPT='${INSTALL}'
INSTALL_STRIP_PROGRAM='$(install_sh) -c -s'
LD='/opt/rh/devtoolset-9/root/usr/libexec/gcc/x86_64-redhat-linux/9/ld -m elf_x86_64'
LDFLAGS=''
LIBOBJS=''
LIBS='-ldl '
LIBTOOL='$(SHELL) $(top_builddir)/libtool'
LIPO=''
LN_S='ln -s'
LTLIBOBJS=''
MAKEINFO='${SHELL} /home/ratnesh1.tiwari/JioConfServer/deps/yuma123/missing makeinfo'
MANIFEST_TOOL=':'
MKDIR_P='/usr/bin/mkdir -p'
NM='/opt/rh/devtoolset-9/root/usr/bin/nm -B'
NMEDIT=''
OBJDUMP='objdump'
OBJEXT='o'
OTOOL64=''
OTOOL=''
PACKAGE='yuma123'
PACKAGE_BUGREPORT='vladimir@lightside-instruments.com'
PACKAGE_NAME='yuma123'
PACKAGE_STRING='yuma123 2.13'
PACKAGE_TARNAME='yuma123'
PACKAGE_URL=''
PACKAGE_VERSION='2.13'
PATH_SEPARATOR=':'
RANLIB='ranlib'
SED='/usr/bin/sed'
SET_MAKE=''
SHELL='/bin/sh'
STANDALONE_FALSE=''
STANDALONE_TRUE='#'
STRIP='strip'
VERSION='2.13'
WITH_READLINE_FALSE=''
WITH_READLINE_TRUE='#'
WITH_TECLA_FALSE=''
WITH_TECLA_TRUE='#'
XML2_CONFIG='/usr/bin/xml2-config'
XML_CPPFLAGS='-I/usr/include/libxml2'
XML_LIBS='-lxml2 -lz -llzma -lm -ldl'
ac_ct_AR='ar'
ac_ct_CC='gcc'
ac_ct_CXX='g++'
ac_ct_DUMPBIN=''
agt_netconf_includedir='${prefix}/include/yuma/agt'
am__EXEEXT_FALSE=''
am__EXEEXT_TRUE='#'
am__fastdepCCAS_FALSE='#'
am__fastdepCCAS_TRUE=''
am__fastdepCC_FALSE='#'
am__fastdepCC_TRUE=''
am__fastdepCXX_FALSE='#'
am__fastdepCXX_TRUE=''
am__include='include'
am__isrc=''
am__leading_dot='.'
am__nodep='_no'
am__quote=''
am__tar='$${TAR-tar} chof - "$$tardir"'
am__untar='$${TAR-tar} xf -'
apachemoduledir='${exec_prefix}/lib/apache2/modules'
bindir='${exec_prefix}/bin'
build='x86_64-unknown-linux-gnu'
build_alias=''
build_cpu='x86_64'
build_os='linux-gnu'
build_vendor='unknown'
datadir='${datarootdir}'
datarootdir='${prefix}/share'
docdir='${datarootdir}/doc/${PACKAGE_TARNAME}'
dvidir='${docdir}'
examples_yangdir='/home/ratnesh1.tiwari/usrrkt/share/yuma/modules/examples'
exec_prefix='${prefix}'
host='x86_64-unknown-linux-gnu'
host_alias=''
host_cpu='x86_64'
host_os='linux-gnu'
host_vendor='unknown'
htmldir='${docdir}'
ietf_derived_yangdir='${prefix}/share/yuma/modules/ietf-derived'
ietf_draft_yangdir='${prefix}/share/yuma/modules/ietf-draft'
ietf_expired_yangdir='${prefix}/share/yuma/modules/ietf-expired'
ietf_patched_yangdir='${prefix}/share/yuma/modules/ietf-patched'
ietf_yangdir='${prefix}/share/yuma/modules/ietf'
includedir='${prefix}/include'
infodir='${datarootdir}/info'
install_sh='${SHELL} /home/ratnesh1.tiwari/JioConfServer/deps/yuma123/install-sh'
libdir='${exec_prefix}/lib'
libexecdir='${exec_prefix}/libexec'
localedir='${datarootdir}/locale'
localstatedir='${prefix}/var'
mandir='${datarootdir}/man'
mgr_netconf_includedir='${prefix}/include/yuma/mgr'
mkdir_p='$(MKDIR_P)'
ncx_netconf_includedir='${prefix}/include/yuma/ncx'
netconfcentral_yangdir='${prefix}/share/yuma/modules/netconfcentral'
netconfmoduledir='${exec_prefix}/lib/yuma'
nmda_modules_ietf_yangdir='${prefix}/share/yuma/nmda-modules/ietf'
oldincludedir='/usr/include'
pdfdir='${docdir}'
platform_netconf_includedir='${prefix}/include/yuma/platform'
prefix='/home/ratnesh1.tiwari/usrrkt'
program_transform_name='s,x,x,'
psdir='${docdir}'
sbindir='${exec_prefix}/sbin'
sharedstatedir='${prefix}/com'
sysconfdir='${prefix}/etc'
target='x86_64-unknown-linux-gnu'
target_alias=''
target_cpu='x86_64'
target_os='linux-gnu'
target_vendor='unknown'
yangdir='${prefix}/share/yuma/modules'
yangrpc_netconf_includedir='${prefix}/include/yuma/yangrpc'
yuma123_yangdir='${prefix}/share/yuma/modules/yuma123'
yuma_datarootdir='${prefix}/share/yuma'

## ----------- ##
## confdefs.h. ##
## ----------- ##

/* confdefs.h */
#define PACKAGE_NAME "yuma123"
#define PACKAGE_TARNAME "yuma123"
#define PACKAGE_VERSION "2.13"
#define PACKAGE_STRING "yuma123 2.13"
#define PACKAGE_BUGREPORT "vladimir@lightside-instruments.com"
#define PACKAGE_URL ""
#define PACKAGE "yuma123"
#define VERSION "2.13"
#define STDC_HEADERS 1
#define HAVE_SYS_TYPES_H 1
#define HAVE_SYS_STAT_H 1
#define HAVE_STDLIB_H 1
#define HAVE_STRING_H 1
#define HAVE_MEMORY_H 1
#define HAVE_STRINGS_H 1
#define HAVE_INTTYPES_H 1
#define HAVE_STDINT_H 1
#define HAVE_UNISTD_H 1
#define HAVE_DLFCN_H 1
#define LT_OBJDIR ".libs/"

configure: exit 0
